<?xml version="1.0" encoding="UTF-8"?>
<!-- Generated by org.testng.reporters.JUnitReportReporter -->
<testsuite hostname="DESKTOP-SUPB0NO" failures="0" tests="1" name="newpage.Sample" time="0.001" errors="0" timestamp="2019-08-28T07:16:52 EDT" skipped="0">
  <testcase classname="newpage.Sample" name="f" time="0.001"/>
</testsuite> <!-- newpage.Sample -->
